<component name="libraryTable">
  <library name="junit.jupiter.engine" type="repository">
    <properties maven-id="org.junit.jupiter:junit-jupiter-engine:5.0.2" />
    <CLASSES>
      <root url="jar://$MAVEN_REPOSITORY$/org/junit/jupiter/junit-jupiter-engine/5.0.2/junit-jupiter-engine-5.0.2.jar!/" />
      <root url="jar://$MAVEN_REPOSITORY$/org/junit/platform/junit-platform-engine/1.0.2/junit-platform-engine-1.0.2.jar!/" />
      <root url="jar://$MAVEN_REPOSITORY$/org/junit/platform/junit-platform-commons/1.0.2/junit-platform-commons-1.0.2.jar!/" />
      <root url="jar://$MAVEN_REPOSITORY$/org/opentest4j/opentest4j/1.0.0/opentest4j-1.0.0.jar!/" />
      <root url="jar://$MAVEN_REPOSITORY$/org/junit/jupiter/junit-jupiter-api/5.0.2/junit-jupiter-api-5.0.2.jar!/" />
    </CLASSES>
    <JAVADOC />
    <SOURCES />
  </library>
</component>